<?xml version="1.0" encoding="UTF-8"?>
<!-- Generated by org.testng.reporters.JUnitXMLReporter -->
<testsuite hostname="L7MN000108180" ignored="14" name="Regression Chrome" tests="22" failures="0" timestamp="2021-03-12T08:41:37 CST" time="283.524" errors="0">
  <testcase name="loginTest" time="14.386" classname="com.mymatrix.qa.testcases.LoginPageTest"/>
  <testcase name="loginTest" time="3.119" classname="com.mymatrix.qa.testcases.LoginPageTest"/>
  <testcase name="loginTest" time="7.835" classname="com.mymatrix.qa.testcases.LoginPageTest"/>
  <testcase name="loginTest" time="8.162" classname="com.mymatrix.qa.testcases.LoginPageTest"/>
  <testcase name="loginTest" time="7.814" classname="com.mymatrix.qa.testcases.LoginPageTest"/>
  <testcase name="loginTest" time="7.852" classname="com.mymatrix.qa.testcases.LoginPageTest"/>
  <testcase name="changeBranchPageTest" time="7.487" classname="com.mymatrix.qa.testcases.ChangeBranchPageTest"/>
  <testcase name="changeBranchPageTest" time="2.721" classname="com.mymatrix.qa.testcases.ChangeBranchPageTest"/>
  <testcase name="searchClientFilePageTest" time="25.331" classname="com.mymatrix.qa.testcases.SearchClientFilePageTest"/>
  <testcase name="searchClientFilePageTest" time="16.474" classname="com.mymatrix.qa.testcases.SearchClientFilePageTest"/>
  <testcase name="searchClientFilePageTest" time="21.661" classname="com.mymatrix.qa.testcases.SearchClientFilePageTest"/>
  <testcase name="searchClientFilePageTest" time="17.968" classname="com.mymatrix.qa.testcases.SearchClientFilePageTest"/>
  <testcase name="searchClientFilePageTest" time="16.402" classname="com.mymatrix.qa.testcases.SearchClientFilePageTest"/>
  <testcase name="travelerPageTest" time="18.831" classname="com.mymatrix.qa.testcases.TravelerPageTest"/>
  <testcase name="airItineraryPageTest" time="24.173" classname="com.mymatrix.qa.testcases.AirItineraryPageTest"/>
  <testcase name="hotelItineraryPageTest" time="21.85" classname="com.mymatrix.qa.testcases.HotelItineraryPageTest"/>
  <testcase name="ticketPageTest" time="21.544" classname="com.mymatrix.qa.testcases.TicketPageTest"/>
  <testcase name="ticketPageTest" time="18.989" classname="com.mymatrix.qa.testcases.TicketPageTest"/>
  <testcase name="queueCountPageTest" time="0.003" classname="com.mymatrix.qa.testcases.QueueCountPageTest"/>
  <testcase name="queueCountPageTest" time="0.138" classname="com.mymatrix.qa.testcases.QueueCountPageTest"/>
  <testcase name="queueCountPageTest" time="0.16" classname="com.mymatrix.qa.testcases.QueueCountPageTest"/>
  <testcase name="queueCountPageTest" time="0.113" classname="com.mymatrix.qa.testcases.QueueCountPageTest"/>
  <testcase name="@AfterSuite afterSuite" time="0.0" classname="com.mymatrix.qa.base.TestBase">
    <ignored/>
  </testcase> <!-- @AfterSuite afterSuite -->
  <testcase name="@AfterSuite afterSuite" time="0.0" classname="com.mymatrix.qa.base.TestBase">
    <ignored/>
  </testcase> <!-- @AfterSuite afterSuite -->
  <testcase name="@AfterSuite afterSuite" time="0.0" classname="com.mymatrix.qa.base.TestBase">
    <ignored/>
  </testcase> <!-- @AfterSuite afterSuite -->
  <testcase name="@AfterSuite afterSuite" time="0.0" classname="com.mymatrix.qa.base.TestBase">
    <ignored/>
  </testcase> <!-- @AfterSuite afterSuite -->
  <testcase name="@AfterSuite afterSuite" time="0.0" classname="com.mymatrix.qa.base.TestBase">
    <ignored/>
  </testcase> <!-- @AfterSuite afterSuite -->
  <testcase name="@AfterSuite afterSuite" time="0.0" classname="com.mymatrix.qa.base.TestBase">
    <ignored/>
  </testcase> <!-- @AfterSuite afterSuite -->
  <testcase name="@AfterSuite afterSuite" time="0.0" classname="com.mymatrix.qa.base.TestBase">
    <ignored/>
  </testcase> <!-- @AfterSuite afterSuite -->
  <testcase name="@BeforeTest beforeSuite" time="0.0" classname="com.mymatrix.qa.base.TestBase">
    <ignored/>
  </testcase> <!-- @BeforeTest beforeSuite -->
  <testcase name="@BeforeTest beforeSuite" time="0.0" classname="com.mymatrix.qa.base.TestBase">
    <ignored/>
  </testcase> <!-- @BeforeTest beforeSuite -->
  <testcase name="@BeforeTest beforeSuite" time="0.0" classname="com.mymatrix.qa.base.TestBase">
    <ignored/>
  </testcase> <!-- @BeforeTest beforeSuite -->
  <testcase name="@BeforeTest beforeSuite" time="0.0" classname="com.mymatrix.qa.base.TestBase">
    <ignored/>
  </testcase> <!-- @BeforeTest beforeSuite -->
  <testcase name="@BeforeTest beforeSuite" time="0.0" classname="com.mymatrix.qa.base.TestBase">
    <ignored/>
  </testcase> <!-- @BeforeTest beforeSuite -->
  <testcase name="@BeforeTest beforeSuite" time="0.0" classname="com.mymatrix.qa.base.TestBase">
    <ignored/>
  </testcase> <!-- @BeforeTest beforeSuite -->
  <testcase name="@BeforeTest beforeSuite" time="0.0" classname="com.mymatrix.qa.base.TestBase">
    <ignored/>
  </testcase> <!-- @BeforeTest beforeSuite -->
</testsuite> <!-- Regression Chrome -->
